<?xml version="1.0" encoding="UTF-8"?>
<testng-results skipped="0" failed="0" total="4" passed="4">
  <reporter-output>
  </reporter-output>
  <suite name="Automated API TEST" duration-ms="9219" started-at="2018-09-30T21:36:41Z" finished-at="2018-09-30T21:36:50Z">
    <groups>
    </groups>
    <test name="testCases" duration-ms="9219" started-at="2018-09-30T21:36:41Z" finished-at="2018-09-30T21:36:50Z">
      <class name="RESTAssuredJSONTests">
        <test-method status="PASS" signature="getData()" name="getData" is-config="true" duration-ms="7" started-at="2018-09-30T21:36:41Z" finished-at="2018-09-30T21:36:41Z">
        </test-method>
        <test-method status="PASS" signature="test_Enroll()" name="test_Enroll" duration-ms="4338" started-at="2018-09-30T21:36:41Z" finished-at="2018-09-30T21:36:45Z">
        </test-method>
        <test-method status="PASS" signature="test_GetStatus()" name="test_GetStatus" duration-ms="2250" started-at="2018-09-30T21:36:45Z" finished-at="2018-09-30T21:36:47Z">
        </test-method>
        <test-method status="PASS" signature="test_UNEnroll()" name="test_UNEnroll" duration-ms="1364" started-at="2018-09-30T21:36:47Z" finished-at="2018-09-30T21:36:49Z">
        </test-method>
        <test-method status="PASS" signature="test_GetStatus_Id_For_Wild_Card()" name="test_GetStatus_Id_For_Wild_Card" duration-ms="1252" started-at="2018-09-30T21:36:49Z" finished-at="2018-09-30T21:36:50Z">
        </test-method>
      </class>
    </test>
  </suite>
</testng-results>
