<?xml version="1.0" encoding="UTF-8"?>
<testsuite xmlns:xsi="http://www.w3.org/2001/XMLSchema-instance" xsi:noNamespaceSchemaLocation="https://maven.apache.org/surefire/maven-surefire-plugin/xsd/surefire-test-report.xsd" name="TestSuite" time="9.873" tests="4" errors="0" skipped="0" failures="0">
  <properties>
[...]
</properties>
  <testcase name="test_Enroll" classname="RESTAssuredJSONTests" time="4.367"/>
  <testcase name="test_GetStatus" classname="RESTAssuredJSONTests" time="2.235"/>
  <testcase name="test_UNEnroll" classname="RESTAssuredJSONTests" time="1.361"/>
  <testcase name="test_GetStatus_Id_For_Wild_Card" classname="RESTAssuredJSONTests" time="1.237"/>
</testsuite>